<?xml version="1.0" encoding="UTF-8"?>
<testsuite name="org.example.StreamBenchmarkTest" tests="2" skipped="0" failures="0" errors="0" timestamp="2024-07-30T18:54:08" hostname="DESKTOP-LNA53D1" time="0.939">
  <properties/>
  <testcase name="testParallelStream()" classname="org.example.StreamBenchmarkTest" time="0.575"/>
  <testcase name="testStream()" classname="org.example.StreamBenchmarkTest" time="0.363"/>
  <system-out><![CDATA[]]></system-out>
  <system-err><![CDATA[]]></system-err>
</testsuite>
