<?xml version="1.0" encoding="UTF-8"?>
<testsuite name="org.example.AvionPrivadoTest" tests="4" skipped="0" failures="0" errors="0" timestamp="2024-07-30T04:49:19" hostname="DESKTOP-LNA53D1" time="0.003">
  <properties/>
  <testcase name="testVolarConSuficienteCombustibleDebeDevolver1050()" classname="org.example.AvionPrivadoTest" time="0.001"/>
  <testcase name="testCapacidadCombustibleDebeDevolver100()" classname="org.example.AvionPrivadoTest" time="0.0"/>
  <testcase name="testVolarSinSuficienteCombustibleNoDebeDevolver1000()" classname="org.example.AvionPrivadoTest" time="0.0"/>
  <testcase name="testGetConsumoCombustibleDebeDevolver10()" classname="org.example.AvionPrivadoTest" time="0.0"/>
  <system-out><![CDATA[]]></system-out>
  <system-err><![CDATA[]]></system-err>
</testsuite>
