<?xml version="1.0" encoding="UTF-8"?>
<testsuite name="org.example.AvionComercialTest" tests="4" skipped="0" failures="0" errors="0" timestamp="2024-07-30T18:54:08" hostname="DESKTOP-LNA53D1" time="0.032">
  <properties/>
  <testcase name="testVolarConSuficienteCombustibleDebeDevolver1000()" classname="org.example.AvionComercialTest" time="0.025"/>
  <testcase name="testCapacidadCombustibleDebeDevolver100()" classname="org.example.AvionComercialTest" time="0.001"/>
  <testcase name="testVolarSinSuficienteCombustibleNoDebeDevolver1000()" classname="org.example.AvionComercialTest" time="0.002"/>
  <testcase name="testGetConsumoCombustibleDebeDevolver10()" classname="org.example.AvionComercialTest" time="0.001"/>
  <system-out><![CDATA[]]></system-out>
  <system-err><![CDATA[]]></system-err>
</testsuite>
