<?xml version="1.0" encoding="UTF-8"?>
<testsuite name="org.example.AvionTest" tests="2" skipped="0" failures="0" errors="0" timestamp="2024-07-30T04:49:19" hostname="DESKTOP-LNA53D1" time="0.002">
  <properties/>
  <testcase name="TestGetCapacidadCombustibleDebeDeolverCien()" classname="org.example.AvionTest" time="0.001"/>
  <testcase name="TestGetConsumoCombustibleDebeDevolverDiez()" classname="org.example.AvionTest" time="0.001"/>
  <system-out><![CDATA[]]></system-out>
  <system-err><![CDATA[]]></system-err>
</testsuite>
